============================= test session starts =============================
platform win32 -- Python 3.11.0, pytest-9.0.2, pluggy-1.6.0 -- C:\Users\joylo\AppData\Local\Programs\Python\Python311\python.exe
cachedir: .pytest_cache
rootdir: D:\studio\tools\vibecoding\editor_1\wedding_ai_pipeline
configfile: pyproject.toml
plugins: mock-3.15.1
collecting ... collected 9 items

tests/test_color.py::test_color_grading_lab_statistical PASSED           [ 11%]
tests/test_color.py::test_color_grading_cinematic_style PASSED           [ 22%]
tests/test_color.py::test_color_grading_pastel_style PASSED              [ 33%]
tests/test_color.py::test_color_grading_black_and_white PASSED           [ 44%]
tests/test_color.py::test_color_grading_strength_zero PASSED             [ 55%]
tests/test_color.py::test_all_presets_exist PASSED                       [ 66%]
tests/test_color.py::test_all_presets_run PASSED                         [ 77%]
tests/test_pipeline.py::test_pipeline_runs_and_returns_result PASSED     [ 88%]
tests/test_pipeline.py::test_pipeline_add_step PASSED                    [100%]

============================== 9 passed in 5.31s ==============================
