============================= test session starts =============================
platform win32 -- Python 3.11.0, pytest-9.0.2, pluggy-1.6.0 -- C:\Users\joylo\AppData\Local\Programs\Python\Python311\python.exe
cachedir: .pytest_cache
rootdir: D:\studio\tools\vibecoding\editor_1\wedding_ai_pipeline
configfile: pyproject.toml
plugins: mock-3.15.1
collecting ... collected 7 items

tests/test_color.py::test_color_grading_lab_statistical PASSED           [ 14%]
tests/test_color.py::test_color_grading_cinematic_style PASSED           [ 28%]
tests/test_color.py::test_color_grading_pastel_style PASSED              [ 42%]
tests/test_color.py::test_color_grading_black_and_white PASSED           [ 57%]
tests/test_color.py::test_color_grading_strength_zero PASSED             [ 71%]
tests/test_color.py::test_all_presets_exist PASSED                       [ 85%]
tests/test_color.py::test_all_presets_run PASSED                         [100%]

============================== 7 passed in 2.16s ==============================
